<div class="story">
<h1></h1>
<div class="path">stories/site/products_and_docs/PD_Widget_WordPress.story</div>
<div class="narrative"><h2>Narrative:</h2>
<div class="element inOrderTo"><span class="keyword inOrderTo">As a</span> test engineer</div>
<div class="element asA"><span class="keyword asA">I want to</span> test Ticket Master Developer's site</div>
<div class="element iWantTo"><span class="keyword iWantTo">So that</span> I test WordPress Widget Page of Ticket Master Developer's site</div>
</div>
<div class="scenario">
<h2>Scenario: (/products-and-docs/widgets/wordpress/) Verification for general page's elements</h2>
<div class="step successful">Given open WordPress Widget page</div>
<div class="step failed">Then check general page elements for WordPress Widget Page, where DISQUS = <span class="step parameter">true</span> and LeftMenu = <span class="step parameter">true</span> <span class="keyword failed">(FAILED)</span><br/><span class="message failed">net.serenitybdd.core.exceptions.SerenityManagedException: Connect to 127.0.0.1:7058 [/127.0.0.1] failed: Connection refused
For documentation on this error, please visit: http://seleniumhq.org/exceptions/no_such_element.html
Build info: version: '2.53.0', revision: '35ae25b1534ae328c771e0856c93e187490ca824', time: '2016-03-15 10:43:46'
System info: host: 'testing-worker-linux-docker-f5df8b6c-3476-linux-1', ip: '172.17.2.91', os.name: 'Linux', os.arch: 'amd64', os.version: '3.13.0-40-generic', java.version: '1.8.0_31'
Driver info: driver.version: unknown</span></div>
<pre class="failure">net.serenitybdd.core.exceptions.SerenityManagedException: Connect to 127.0.0.1:7058 [/127.0.0.1] failed: Connection refused
For documentation on this error, please visit: http://seleniumhq.org/exceptions/no_such_element.html
Build info: version: '2.53.0', revision: '35ae25b1534ae328c771e0856c93e187490ca824', time: '2016-03-15 10:43:46'
System info: host: 'testing-worker-linux-docker-f5df8b6c-3476-linux-1', ip: '172.17.2.91', os.name: 'Linux', os.arch: 'amd64', os.version: '3.13.0-40-generic', java.version: '1.8.0_31'
Driver info: driver.version: unknown
	at net.serenitybdd.core.exceptions.SerenityManagedException.detachedCopyOf(SerenityManagedException.java:20)
	at net.thucydides.core.steps.StepInterceptor.runTestStep(StepInterceptor.java:341)
	at net.thucydides.core.steps.StepInterceptor.testStepResult(StepInterceptor.java:134)
	at net.thucydides.core.steps.StepInterceptor.intercept(StepInterceptor.java:61)
	at bla.tm.steps.products_and_docs.PD_Widget_WordPressWidgetSteps$$EnhancerByCGLIB$$130fb1a4.checkIfTitleIsCorrect(&lt;generated&gt;)
	at bla.tm.definitions.site.products_and_docs.PD_Widget_WordPressDefinition.checkGeneralPageElements(PD_Widget_WordPressDefinition.java:19)
	(reflection-invoke)
	at org.jbehave.core.steps.StepCreator$ParametrisedStep.perform(StepCreator.java:599)
	at org.jbehave.core.embedder.PerformableTree$FineSoFar.run(PerformableTree.java:340)
...</pre>
</div>
</div>
