<story path="stories/site/pantheon/UserLogIn.story" title="">
<narrative keyword="Narrative:">
  <inOrderTo keyword="As a">test enfineer</inOrderTo>
  <asA keyword="I want to">test Ticket Master Developer&apos;s site</asA>
  <iWantTo keyword="So that">I test Pantheon User LonIn Page of Ticket Master Developer&apos;s site</iWantTo>
</narrative>
<scenario keyword="Scenario:" title="(developer-acct.ticketmaster.com/user/login) Verification for general page&apos;s elements">
<step outcome="failed" keyword="FAILED">Given open Home page<failure>net.thucydides.core.webdriver.UnsupportedDriverException: Could not instantiate class org.openqa.selenium.firefox.FirefoxDriver</failure></step>
<step outcome="notPerformed" keyword="NOT PERFORMED">When navigate to Pantheon LogIn page from Home page</step>
<step outcome="notPerformed" keyword="NOT PERFORMED">Then check general page elements for Pantheon User LonIn page</step>
<failure>net.thucydides.core.webdriver.UnsupportedDriverException: Could not instantiate class org.openqa.selenium.firefox.FirefoxDriver
	at net.thucydides.core.webdriver.WebDriverFacade.newDriverInstance(WebDriverFacade.java:146)
	at net.thucydides.core.webdriver.WebDriverFacade.newProxyDriver(WebDriverFacade.java:133)
	at net.thucydides.core.webdriver.WebDriverFacade.getProxiedDriver(WebDriverFacade.java:103)
	at net.thucydides.core.webdriver.WebDriverFacade.openIgnoringHtmlUnitScriptErrors(WebDriverFacade.java:178)
	at net.thucydides.core.webdriver.WebDriverFacade.get(WebDriverFacade.java:173)
	at net.serenitybdd.core.pages.PageObject.openPageAtUrl(PageObject.java:831)
	at net.serenitybdd.core.pages.PageObject.open(PageObject.java:741)
	at net.serenitybdd.core.pages.PageObject.open(PageObject.java:729)
	at bla.tm.steps.HomePageSteps.openPage(HomePageSteps.java:16)
	at bla.tm.steps.HomePageSteps$$EnhancerByCGLIB$$2c04ac1b.CGLIB$openPage$0(&lt;generated&gt;)
	at bla.tm.steps.HomePageSteps$$EnhancerByCGLIB$$2c04ac1b$$FastClassByCGLIB$$e47d005a.invoke(&lt;generated&gt;)
	at net.sf.cglib.proxy.MethodProxy.invokeSuper(MethodProxy.java:228)
	at net.thucydides.core.steps.StepInterceptor.invokeMethod(StepInterceptor.java:372)
	at net.thucydides.core.steps.StepInterceptor.executeTestStepMethod(StepInterceptor.java:357)
	at net.thucydides.core.steps.StepInterceptor.runTestStep(StepInterceptor.java:332)
	at net.thucydides.core.steps.StepInterceptor.testStepResult(StepInterceptor.java:134)
	at net.thucydides.core.steps.StepInterceptor.intercept(StepInterceptor.java:61)
	at bla.tm.steps.HomePageSteps$$EnhancerByCGLIB$$2c04ac1b.openPage(&lt;generated&gt;)
	at bla.tm.definitions.site.HomePageDefinition.openHomePage(HomePageDefinition.java:27)
	at sun.reflect.GeneratedMethodAccessor9.invoke(Unknown Source)
	at sun.reflect.DelegatingMethodAccessorImpl.invoke(DelegatingMethodAccessorImpl.java:43)
	at java.lang.reflect.Method.invoke(Method.java:483)
	at org.jbehave.core.steps.StepCreator$ParametrisedStep.perform(StepCreator.java:599)
	at org.jbehave.core.embedder.PerformableTree$FineSoFar.run(PerformableTree.java:340)
...</failure>
</scenario>
</story>
